Bin2bcd.pds

PALASM4  PARSER   - MARKET RELEASE 1.5 (7-10-92)
 (C) - COPYRIGHT ADVANCED MICRO DEVICES INC., 1992


                    ***********************************
                    *     PALASM PARSER LISTING       *
                    ***********************************

LINE #   |----+----1----+----2----+----3----+----4----+----5----+----6----+
   1     |;PALASM Design Description
   2     |
   3     |;---------------------------------- Declaration Segment ------------
   4     |TITLE    Binary to BCD converter
   5     |PATTERN  00
   6     |REVISION 00
   7     |AUTHOR   Alexander
   8     |COMPANY
   9     |DATE     09/04/97
  10     |
  11     |CHIP  _bin2bcd  PALCE16V8
  12     |
  13     |;---------------------------------- PIN Declarations ---------------
  14     |PIN  2..9       IN[1..8]                              COMBINATORIAL ; INPUT
  15     |PIN  10         GND                                                 ; INPUT
  16     |PIN  12..15     LODIGIT[1..4]                         COMBINATORIAL ; OUTPUT
  17     |PIN  16..19     HIDIGIT[1..4]                         COMBINATORIAL ; OUTPUT
  18     |PIN  20         VCC                                                 ; INPUT
  19     |;***********************************************
  20     |;    IN[1] is MSB,          IN[8] is LSB
  21     |;LO(HI)DIGIT[1] is MSB, LO(HI)DIGIT[4] is LSB
  22     |;***********************************************
  23     |;----------------------------------- Boolean Equation Segment ------
  24     |EQUATIONS
  25     |CASE( IN[1..8] )
  26     |  BEGIN
  27     |    0..9:
  28     |      BEGIN
  29     |        HIDIGIT[1..4] = 0  LODIGIT[1..4] = IN[5..8]
  30     |      END
  31     |    10:
  32     |      BEGIN  HIDIGIT[1..4] = 1  LODIGIT[1..4] = 0  END
  33     |    11:
  34     |      BEGIN  HIDIGIT[1..4] = 1  LODIGIT[1..4] = 1  END
  35     |    12:
  36     |      BEGIN  HIDIGIT[1..4] = 1  LODIGIT[1..4] = 2  END
  37     |    13:
  38     |      BEGIN  HIDIGIT[1..4] = 1  LODIGIT[1..4] = 3  END
  39     |    14:
  40     |      BEGIN  HIDIGIT[1..4] = 1  LODIGIT[1..4] = 4  END
  41     |    15:
  42     |      BEGIN  HIDIGIT[1..4] = 1  LODIGIT[1..4] = 5  END
  43     |    16:
  44     |      BEGIN  HIDIGIT[1..4] = 1  LODIGIT[1..4] = 6  END
  45     |    17:
  46     |      BEGIN  HIDIGIT[1..4] = 1  LODIGIT[1..4] = 7  END
  47     |    18:
  48     |      BEGIN  HIDIGIT[1..4] = 1  LODIGIT[1..4] = 8  END
  49     |    19:
  50     |      BEGIN  HIDIGIT[1..4] = 1  LODIGIT[1..4] = 9  END
  51     |    20:
  52     |      BEGIN  HIDIGIT[1..4] = 2  LODIGIT[1..4] = 0  END
  53     |    21:
  54     |      BEGIN  HIDIGIT[1..4] = 2  LODIGIT[1..4] = 1  END
  55     |    22:
  56     |      BEGIN  HIDIGIT[1..4] = 2  LODIGIT[1..4] = 2  END
  57     |    23:
  58     |      BEGIN  HIDIGIT[1..4] = 2  LODIGIT[1..4] = 3  END
  59     |    24:
  60     |      BEGIN  HIDIGIT[1..4] = 2  LODIGIT[1..4] = 4  END
  61     |    25:
  62     |      BEGIN  HIDIGIT[1..4] = 2  LODIGIT[1..4] = 5  END
  63     |    26:
  64     |      BEGIN  HIDIGIT[1..4] = 2  LODIGIT[1..4] = 6  END
  65     |    27:
  66     |      BEGIN  HIDIGIT[1..4] = 2  LODIGIT[1..4] = 7  END
  67     |    28:
  68     |      BEGIN  HIDIGIT[1..4] = 2  LODIGIT[1..4] = 8  END
  69     |    29:
  70     |      BEGIN  HIDIGIT[1..4] = 2  LODIGIT[1..4] = 9  END
  71     |    30:
  72     |      BEGIN  HIDIGIT[1..4] = 3  LODIGIT[1..4] = 0  END
  73     |    31:
  74     |      BEGIN  HIDIGIT[1..4] = 3  LODIGIT[1..4] = 1  END
  75     |    32:
  76     |      BEGIN  HIDIGIT[1..4] = 3  LODIGIT[1..4] = 2  END
  77     |    33:
  78     |      BEGIN  HIDIGIT[1..4] = 3  LODIGIT[1..4] = 3  END
  79     |    34:
  80     |      BEGIN  HIDIGIT[1..4] = 3  LODIGIT[1..4] = 4  END
  81     |    35:
  82     |      BEGIN  HIDIGIT[1..4] = 3  LODIGIT[1..4] = 5  END
  83     |    36:
  84     |      BEGIN  HIDIGIT[1..4] = 3  LODIGIT[1..4] = 6  END
  85     |    37:
  86     |      BEGIN  HIDIGIT[1..4] = 3  LODIGIT[1..4] = 7  END
  87     |    38:
  88     |      BEGIN  HIDIGIT[1..4] = 3  LODIGIT[1..4] = 8  END
  89     |    39:
  90     |      BEGIN  HIDIGIT[1..4] = 3  LODIGIT[1..4] = 9  END
  91     |    40:
  92     |      BEGIN  HIDIGIT[1..4] = 4  LODIGIT[1..4] = 0  END
  93     |    41:
  94     |      BEGIN  HIDIGIT[1..4] = 4  LODIGIT[1..4] = 1  END
  95     |    42:
  96     |      BEGIN  HIDIGIT[1..4] = 4  LODIGIT[1..4] = 2  END
  97     |    43:
  98     |      BEGIN  HIDIGIT[1..4] = 4  LODIGIT[1..4] = 3  END
  99     |    44:
 100     |      BEGIN  HIDIGIT[1..4] = 4  LODIGIT[1..4] = 4  END
 101     |    45:
 102     |      BEGIN  HIDIGIT[1..4] = 4  LODIGIT[1..4] = 5  END
 103     |    46:
 104     |      BEGIN  HIDIGIT[1..4] = 4  LODIGIT[1..4] = 6  END
 105     |    47:
 106     |      BEGIN  HIDIGIT[1..4] = 4  LODIGIT[1..4] = 7  END
 107     |    48:
 108     |      BEGIN  HIDIGIT[1..4] = 4  LODIGIT[1..4] = 8  END
 109     |    49:
 110     |      BEGIN  HIDIGIT[1..4] = 4  LODIGIT[1..4] = 9  END
 111     |    50:
 112     |      BEGIN  HIDIGIT[1..4] = 5  LODIGIT[1..4] = 0  END
 113     |    51:
 114     |      BEGIN  HIDIGIT[1..4] = 5  LODIGIT[1..4] = 1  END
 115     |    52:
 116     |      BEGIN  HIDIGIT[1..4] = 5  LODIGIT[1..4] = 2  END
 117     |    53:
 118     |      BEGIN  HIDIGIT[1..4] = 5  LODIGIT[1..4] = 3  END
 119     |    54:
 120     |      BEGIN  HIDIGIT[1..4] = 5  LODIGIT[1..4] = 4  END
 121     |;    55:
 122     |;      BEGIN  HIDIGIT[1..4] = 5  LODIGIT[1..4] = 5  END
 123     |;    56:
 124     |;      BEGIN  HIDIGIT[1..4] = 5  LODIGIT[1..4] = 6  END
 125     |;    57:
 126     |;      BEGIN  HIDIGIT[1..4] = 5  LODIGIT[1..4] = 7  END
 127     |;    58:
 128     |;      BEGIN  HIDIGIT[1..4] = 5  LODIGIT[1..4] = 8  END
 129     |;    59:
 130     |;      BEGIN  HIDIGIT[1..4] = 5  LODIGIT[1..4] = 9  END
 131     |;    60:
 132     |;      BEGIN  HIDIGIT[1..4] = 6  LODIGIT[1..4] = 0  END
 133     |;    61:
 134     |;      BEGIN  HIDIGIT[1..4] = 6  LODIGIT[1..4] = 1  END
 135     |;    62:
 136     |;      BEGIN  HIDIGIT[1..4] = 6  LODIGIT[1..4] = 2  END
 137     |;    63:
 138     |;      BEGIN  HIDIGIT[1..4] = 6  LODIGIT[1..4] = 3  END
 139     |;    64:
 140     |;      BEGIN  HIDIGIT[1..4] = 6  LODIGIT[1..4] = 4  END
 141     |;    65:
 142     |;      BEGIN  HIDIGIT[1..4] = 6  LODIGIT[1..4] = 5  END
 143     |;    66:
 144     |;      BEGIN  HIDIGIT[1..4] = 6  LODIGIT[1..4] = 6  END
 145     |;    67:
 146     |;      BEGIN  HIDIGIT[1..4] = 6  LODIGIT[1..4] = 7  END
 147     |;    68:
 148     |;      BEGIN  HIDIGIT[1..4] = 6  LODIGIT[1..4] = 8  END
 149     |;    69:
 150     |;      BEGIN  HIDIGIT[1..4] = 6  LODIGIT[1..4] = 9  END
 151     |;    70:
 152     |;      BEGIN  HIDIGIT[1..4] = 7  LODIGIT[1..4] = 0  END
 153     |;    71:
 154     |;      BEGIN  HIDIGIT[1..4] = 7  LODIGIT[1..4] = 1  END
 155     |;    72:
 156     |;      BEGIN  HIDIGIT[1..4] = 7  LODIGIT[1..4] = 2  END
 157     |;    73:
 158     |;      BEGIN  HIDIGIT[1..4] = 7  LODIGIT[1..4] = 3  END
 159     |;    74:
 160     |;      BEGIN  HIDIGIT[1..4] = 7  LODIGIT[1..4] = 4  END
 161     |;    75:
 162     |;      BEGIN  HIDIGIT[1..4] = 7  LODIGIT[1..4] = 5  END
 163     |;    76:
 164     |;      BEGIN  HIDIGIT[1..4] = 7  LODIGIT[1..4] = 6  END
 165     |;    77:
 166     |;      BEGIN  HIDIGIT[1..4] = 7  LODIGIT[1..4] = 7  END
 167     |;    78:
 168     |;      BEGIN  HIDIGIT[1..4] = 7  LODIGIT[1..4] = 8  END
 169     |;    79:
 170     |;      BEGIN  HIDIGIT[1..4] = 7  LODIGIT[1..4] = 9  END
 171     |  END
 172     |
 173     |;----------------------------------- Simulation Segment ------------
 174     |SIMULATION
 175     |TRACE_ON IN[1..8] LODIGIT[1..4] HIDIGIT[1..4]
 176     |SETF /IN[1..8]		;0
 177     |SETF /IN[1] /IN[2] /IN[3] /IN[4] /IN[5] /IN[6] /IN[7]  IN[8] ;1
 178     |SETF /IN[1] /IN[2] /IN[3] /IN[4] /IN[5] /IN[6]  IN[7] /IN[8] ;2
 179     |SETF /IN[1] /IN[2] /IN[3] /IN[4] /IN[5] /IN[6]  IN[7]  IN[8] ;3
 180     |SETF /IN[1] /IN[2] /IN[3] /IN[4] /IN[5]  IN[6] /IN[7] /IN[8] ;4
 181     |SETF /IN[1] /IN[2] /IN[3] /IN[4] /IN[5]  IN[6] /IN[7]  IN[8] ;5
 182     |SETF /IN[1] /IN[2] /IN[3] /IN[4] /IN[5]  IN[6]  IN[7] /IN[8] ;6
 183     |SETF /IN[1] /IN[2] /IN[3] /IN[4] /IN[5]  IN[6]  IN[7]  IN[8] ;7
 184     |SETF /IN[1] /IN[2] /IN[3] /IN[4]  IN[5] /IN[6] /IN[7] /IN[8] ;8
 185     |SETF /IN[1] /IN[2] /IN[3] /IN[4]  IN[5] /IN[6] /IN[7]  IN[8] ;9
 186     |SETF /IN[1] /IN[2] /IN[3] /IN[4]  IN[5] /IN[6]  IN[7] /IN[8] ;10
 187     |SETF /IN[1] /IN[2] /IN[3] /IN[4]  IN[5] /IN[6]  IN[7]  IN[8] ;11
 188     |SETF /IN[1] /IN[2] /IN[3] /IN[4]  IN[5]  IN[6] /IN[7] /IN[8] ;12
 189     |SETF /IN[1] /IN[2] /IN[3] /IN[4]  IN[5]  IN[6] /IN[7]  IN[8] ;13
 190     |SETF /IN[1] /IN[2] /IN[3] /IN[4]  IN[5]  IN[6]  IN[7] /IN[8] ;14
 191     |SETF /IN[1] /IN[2] /IN[3] /IN[4]  IN[5]  IN[6]  IN[7]  IN[8] ;15
 192     |SETF /IN[1] /IN[2] /IN[3] /IN[4] /IN[5] /IN[6] /IN[7] /IN[8] ;16
 193     |SETF /IN[1] /IN[2] /IN[3] /IN[4] /IN[5] /IN[6] /IN[7] /IN[8] ;17
 194     |SETF /IN[1] /IN[2] /IN[3] /IN[4] /IN[5] /IN[6] /IN[7] /IN[8] ;18
 195     |SETF /IN[1] /IN[2] /IN[3] /IN[4] /IN[5] /IN[6] /IN[7] /IN[8] ;19
 196     |SETF /IN[1] /IN[2] /IN[3] /IN[4] /IN[5] /IN[6] /IN[7] /IN[8] ;20
 197     |SETF /IN[1] /IN[2] /IN[3] /IN[4] /IN[5] /IN[6] /IN[7] /IN[8] ;21
 198     |SETF /IN[1] /IN[2] /IN[3] /IN[4] /IN[5] /IN[6] /IN[7] /IN[8] ;22
 199     |SETF /IN[1] /IN[2] /IN[3] /IN[4] /IN[5] /IN[6] /IN[7] /IN[8] ;23
 200     |SETF /IN[1] /IN[2] /IN[3] /IN[4] /IN[5] /IN[6] /IN[7] /IN[8] ;24
 201     |SETF /IN[1] /IN[2] /IN[3] /IN[4] /IN[5] /IN[6] /IN[7] /IN[8] ;25
 202     |SETF /IN[1] /IN[2] /IN[3] /IN[4] /IN[5] /IN[6] /IN[7] /IN[8] ;26
 203     |SETF /IN[1] /IN[2] /IN[3] /IN[4] /IN[5] /IN[6] /IN[7] /IN[8] ;27
 204     |SETF /IN[1] /IN[2] /IN[3] /IN[4] /IN[5] /IN[6] /IN[7] /IN[8] ;28
 205     |SETF /IN[1] /IN[2] /IN[3] /IN[4] /IN[5] /IN[6] /IN[7] /IN[8] ;29
 206     |SETF /IN[1] /IN[2] /IN[3] /IN[4] /IN[5] /IN[6] /IN[7] /IN[8] ;30
 207     |SETF /IN[1] /IN[2] /IN[3] /IN[4] /IN[5] /IN[6] /IN[7] /IN[8] ;31
 208     |SETF /IN[1] /IN[2] /IN[3] /IN[4] /IN[5] /IN[6] /IN[7] /IN[8] ;32
 209     |SETF /IN[1] /IN[2] /IN[3] /IN[4] /IN[5] /IN[6] /IN[7] /IN[8] ;33
 210     |SETF /IN[1] /IN[2] /IN[3] /IN[4] /IN[5] /IN[6] /IN[7] /IN[8] ;34
 211     |SETF /IN[1] /IN[2] /IN[3] /IN[4] /IN[5] /IN[6] /IN[7] /IN[8] ;35
 212     |SETF /IN[1] /IN[2] /IN[3] /IN[4] /IN[5] /IN[6] /IN[7] /IN[8] ;36
 213     |SETF /IN[1] /IN[2] /IN[3] /IN[4] /IN[5] /IN[6] /IN[7] /IN[8] ;37
 214     |SETF /IN[1] /IN[2] /IN[3] /IN[4] /IN[5] /IN[6] /IN[7] /IN[8] ;38
 215     |SETF /IN[1] /IN[2] /IN[3] /IN[4] /IN[5] /IN[6] /IN[7] /IN[8] ;39
 216     |SETF /IN[1] /IN[2] /IN[3] /IN[4] /IN[5] /IN[6] /IN[7] /IN[8] ;40
 217     |SETF /IN[1] /IN[2] /IN[3] /IN[4] /IN[5] /IN[6] /IN[7] /IN[8] ;41
 218     |SETF /IN[1] /IN[2] /IN[3] /IN[4] /IN[5] /IN[6] /IN[7] /IN[8] ;42
 219     |SETF /IN[1] /IN[2] /IN[3] /IN[4] /IN[5] /IN[6] /IN[7] /IN[8] ;43
 220     |SETF /IN[1] /IN[2] /IN[3] /IN[4] /IN[5] /IN[6] /IN[7] /IN[8] ;44
 221     |SETF /IN[1] /IN[2] /IN[3] /IN[4] /IN[5] /IN[6] /IN[7] /IN[8] ;45
 222     |SETF /IN[1] /IN[2] /IN[3] /IN[4] /IN[5] /IN[6] /IN[7] /IN[8] ;46
 223     |SETF /IN[1] /IN[2] /IN[3] /IN[4] /IN[5] /IN[6] /IN[7] /IN[8] ;47
 224     |TRACE_OFF
 225     |;-------------------------------------------------------------------

 %% PARSE %%    No errors.  No warnings.

 %% PARSE %%    File processed successfully.    File:  Bin2bcd.pds
PALASM4  BPP   - MARKET RELEASE 1.5 (7-10-92)
 (C) - COPYRIGHT ADVANCED MICRO DEVICES INC., 1992

EQUATIONS SEGMENT
Processing CASE block.
Processing equation for ====>HIDIGIT[1..4]
Processing equation for ====>LODIGIT[1..4]
Processing equation for ====>HIDIGIT[1..4]
Processing equation for ====>LODIGIT[1..4]
Processing equation for ====>HIDIGIT[1..4]
Processing equation for ====>LODIGIT[1..4]
Processing equation for ====>HIDIGIT[1..4]
Processing equation for ====>LODIGIT[1..4]
Processing equation for ====>HIDIGIT[1..4]
Processing equation for ====>LODIGIT[1..4]
Processing equation for ====>HIDIGIT[1..4]
Processing equation for ====>LODIGIT[1..4]
Processing equation for ====>HIDIGIT[1..4]
Processing equation for ====>LODIGIT[1..4]
Processing equation for ====>HIDIGIT[1..4]
Processing equation for ====>LODIGIT[1..4]
Processing equation for ====>HIDIGIT[1..4]
Processing equation for ====>LODIGIT[1..4]
Processing equation for ====>HIDIGIT[1..4]
Processing equation for ====>LODIGIT[1..4]
Processing equation for ====>HIDIGIT[1..4]
Processing equation for ====>LODIGIT[1..4]
Processing equation for ====>HIDIGIT[1..4]
Processing equation for ====>LODIGIT[1..4]
Processing equation for ====>HIDIGIT[1..4]
Processing equation for ====>LODIGIT[1..4]
Processing equation for ====>HIDIGIT[1..4]
Processing equation for ====>LODIGIT[1..4]
Processing equation for ====>HIDIGIT[1..4]
Processing equation for ====>LODIGIT[1..4]
Processing equation for ====>HIDIGIT[1..4]
Processing equation for ====>LODIGIT[1..4]
Processing equation for ====>HIDIGIT[1..4]
Processing equation for ====>LODIGIT[1..4]
Processing equation for ====>HIDIGIT[1..4]
Processing equation for ====>LODIGIT[1..4]
Processing equation for ====>HIDIGIT[1..4]
Processing equation for ====>LODIGIT[1..4]
Processing equation for ====>HIDIGIT[1..4]
Processing equation for ====>LODIGIT[1..4]
Processing equation for ====>HIDIGIT[1..4]
Processing equation for ====>LODIGIT[1..4]
Processing equation for ====>HIDIGIT[1..4]
Processing equation for ====>LODIGIT[1..4]
Processing equation for ====>HIDIGIT[1..4]
Processing equation for ====>LODIGIT[1..4]
Processing equation for ====>HIDIGIT[1..4]
Processing equation for ====>LODIGIT[1..4]
Processing equation for ====>HIDIGIT[1..4]
Processing equation for ====>LODIGIT[1..4]
Processing equation for ====>HIDIGIT[1..4]
Processing equation for ====>LODIGIT[1..4]
Processing equation for ====>HIDIGIT[1..4]
Processing equation for ====>LODIGIT[1..4]
Processing equation for ====>HIDIGIT[1..4]
Processing equation for ====>LODIGIT[1..4]
Processing equation for ====>HIDIGIT[1..4]
Processing equation for ====>LODIGIT[1..4]
Processing equation for ====>HIDIGIT[1..4]
Processing equation for ====>LODIGIT[1..4]
Processing equation for ====>HIDIGIT[1..4]
Processing equation for ====>LODIGIT[1..4]
Processing equation for ====>HIDIGIT[1..4]
Processing equation for ====>LODIGIT[1..4]
Processing equation for ====>HIDIGIT[1..4]
Processing equation for ====>LODIGIT[1..4]
Processing equation for ====>HIDIGIT[1..4]
Processing equation for ====>LODIGIT[1..4]
Processing equation for ====>HIDIGIT[1..4]
Processing equation for ====>LODIGIT[1..4]
Processing equation for ====>HIDIGIT[1..4]
Processing equation for ====>LODIGIT[1..4]
Processing equation for ====>HIDIGIT[1..4]
Processing equation for ====>LODIGIT[1..4]
Processing equation for ====>HIDIGIT[1..4]
Processing equation for ====>LODIGIT[1..4]
Processing equation for ====>HIDIGIT[1..4]
Processing equation for ====>LODIGIT[1..4]
Processing equation for ====>HIDIGIT[1..4]
Processing equation for ====>LODIGIT[1..4]
Processing equation for ====>HIDIGIT[1..4]
Processing equation for ====>LODIGIT[1..4]
Processing equation for ====>HIDIGIT[1..4]
Processing equation for ====>LODIGIT[1..4]
Processing equation for ====>HIDIGIT[1..4]
Processing equation for ====>LODIGIT[1..4]
Processing equation for ====>HIDIGIT[1..4]
Processing equation for ====>LODIGIT[1..4]
Processing equation for ====>HIDIGIT[1..4]
Processing equation for ====>LODIGIT[1..4]
Processing equation for ====>HIDIGIT[1..4]
Processing equation for ====>LODIGIT[1..4]
SIMULATION SEGMENT
..................................................
 %%  BPP  %% Maximum memory allocated was: 121034 bytes.

 %%  BPP  %% File Processed Successfully.  File: Bin2bcd.pds.
 %%  BPP  %% ERROR count: 0  WARNING count: 0
PALASM4  MINIMIZE   - MARKET RELEASE 1.5 (7-10-92)
 (C) - COPYRIGHT ADVANCED MICRO DEVICES INC., 1992

...............


Processing equation ====> /HIDIGIT[4]         MINIMIZE_ON  (35 pt ---> 7 pt)
Processing equation ====> HIDIGIT[3]          MINIMIZE_ON  (36 pt ---> 3 pt)
Processing equation ====> /HIDIGIT[2]         MINIMIZE_ON  (32 pt ---> 2 pt)
Processing equation ====> HIDIGIT[1]          MINIMIZE_ON  (32 pt ---> 4 pt)
Processing equation ====> LODIGIT[4]          MINIMIZE_ON  (32 pt ---> 1 pt)
Processing equation ====> LODIGIT[3]          MINIMIZE_ON  (35 pt ---> 8 pt)
Processing equation ====> LODIGIT[2]          MINIMIZE_ON  (39 pt ---> 7 pt)
Processing equation ====> LODIGIT[1]          MINIMIZE_ON  (44 pt ---> 5 pt)

 %%  MINIMIZE  %% Maximum memory allocated was: 83646 bytes.

 %%  MINIMIZE  %% File Processed Successfully.  File: Bin2bcd.pds.
 %%  MINIMIZE  %% ERROR count: 0  WARNING count: 0

PALASM4  PAL ASSEMBLER   - MARKET RELEASE 1.5a (8-20-92)
 (C) - COPYRIGHT ADVANCED MICRO DEVICES INC., 1992

FILE  Bin2bcd.pds
TITLE  Binary to BCD converter
Equation being processed for output ==>>  LODIGIT[1]
Equation being processed for output ==>>  LODIGIT[2]
Equation being processed for output ==>>  LODIGIT[3]
Equation being processed for output ==>>  LODIGIT[4]
Equation being processed for output ==>>  HIDIGIT[1]
Equation being processed for output ==>> /HIDIGIT[2]
Equation being processed for output ==>>  HIDIGIT[3]
Equation being processed for output ==>> /HIDIGIT[4]
The fuse plot is stored in ===>Bin2bcd.XPT
The JEDEC is stored in ===>Bin2bcd.JED

 %%  PAL ASSEMBLER  %% Maximum memory allocated was: 26536 bytes.

 %%  PAL ASSEMBLER  %% File Processed Successfully.  File: Bin2bcd.pds.
 %%  PAL ASSEMBLER  %% ERROR count: 0  WARNING count: 0
